<?xml version="1.0" encoding="UTF-8"?>
<!-- Generated by org.testng.reporters.JUnitReportReporter -->
<testsuite skipped="0" hostname="Leifs-MBP.lan" name="StvPackage.FirstTest" tests="1" failures="0" timestamp="11 Apr 2018 19:00:21 GMT" time="0.014" errors="0">
  <testcase name="chillMethod" time="0.014" classname="StvPackage.FirstTest"/>
</testsuite> <!-- StvPackage.FirstTest -->
